Started GET "/" for ::1 at 2020-06-26 14:22:42 +0530
Started GET "/" for ::1 at 2020-06-26 14:22:42 +0530
  [1m[35m (1.2ms)[0m  [1m[34mSELECT sqlite_version(*)[0m
  [1m[35m (0.7ms)[0m  [1m[34mSELECT sqlite_version(*)[0m
Processing by Rails::WelcomeController#index as HTML
Processing by Rails::WelcomeController#index as HTML
  Rendering /home/akki/.ruby/gems/railties-6.0.3.2/lib/rails/templates/rails/welcome/index.html.erb
  Rendering /home/akki/.ruby/gems/railties-6.0.3.2/lib/rails/templates/rails/welcome/index.html.erb
  Rendered /home/akki/.ruby/gems/railties-6.0.3.2/lib/rails/templates/rails/welcome/index.html.erb (Duration: 10.0ms | Allocations: 476)
  Rendered /home/akki/.ruby/gems/railties-6.0.3.2/lib/rails/templates/rails/welcome/index.html.erb (Duration: 10.1ms | Allocations: 384)
Completed 200 OK in 15ms (Views: 13.6ms | ActiveRecord: 0.0ms | Allocations: 2599)


Completed 200 OK in 22ms (Views: 12.8ms | ActiveRecord: 0.0ms | Allocations: 3070)


  [1m[35m (0.6ms)[0m  [1m[34mSELECT sqlite_version(*)[0m
  [1m[35m (17.4ms)[0m  [1m[35mCREATE TABLE "schema_migrations" ("version" varchar NOT NULL PRIMARY KEY)[0m
  [1m[35m (15.5ms)[0m  [1m[35mCREATE TABLE "ar_internal_metadata" ("key" varchar NOT NULL PRIMARY KEY, "value" varchar, "created_at" datetime(6) NOT NULL, "updated_at" datetime(6) NOT NULL)[0m
  [1m[35m (0.2ms)[0m  [1m[34mSELECT "schema_migrations"."version" FROM "schema_migrations" ORDER BY "schema_migrations"."version" ASC[0m
Migrating to DeviseCreateUsers (20200626090533)
  [1m[35m (0.1ms)[0m  [1m[36mbegin transaction[0m
  [1m[35m (0.5ms)[0m  [1m[35mCREATE TABLE "users" ("id" integer PRIMARY KEY AUTOINCREMENT NOT NULL, "email" varchar DEFAULT '' NOT NULL, "encrypted_password" varchar DEFAULT '' NOT NULL, "reset_password_token" varchar, "reset_password_sent_at" datetime, "remember_created_at" datetime, "created_at" datetime(6) NOT NULL, "updated_at" datetime(6) NOT NULL)[0m
  [1m[35m (0.2ms)[0m  [1m[35mCREATE UNIQUE INDEX "index_users_on_email" ON "users" ("email")[0m
  [1m[35m (0.1ms)[0m  [1m[35mCREATE UNIQUE INDEX "index_users_on_reset_password_token" ON "users" ("reset_password_token")[0m
  [1m[36mprimary::SchemaMigration Create (0.1ms)[0m  [1m[32mINSERT INTO "schema_migrations" ("version") VALUES (?)[0m  [["version", "20200626090533"]]
  [1m[35m (12.3ms)[0m  [1m[36mcommit transaction[0m
  [1m[36mActiveRecord::InternalMetadata Load (0.1ms)[0m  [1m[34mSELECT "ar_internal_metadata".* FROM "ar_internal_metadata" WHERE "ar_internal_metadata"."key" = ? LIMIT ?[0m  [["key", "environment"], ["LIMIT", 1]]
  [1m[35m (0.1ms)[0m  [1m[36mbegin transaction[0m
  [1m[36mActiveRecord::InternalMetadata Create (0.2ms)[0m  [1m[32mINSERT INTO "ar_internal_metadata" ("key", "value", "created_at", "updated_at") VALUES (?, ?, ?, ?)[0m  [["key", "environment"], ["value", "development"], ["created_at", "2020-06-26 09:05:44.872350"], ["updated_at", "2020-06-26 09:05:44.872350"]]
  [1m[35m (11.3ms)[0m  [1m[36mcommit transaction[0m
  [1m[35m (0.1ms)[0m  [1m[34mSELECT sqlite_version(*)[0m
  [1m[35m (0.1ms)[0m  [1m[34mSELECT "schema_migrations"."version" FROM "schema_migrations" ORDER BY "schema_migrations"."version" ASC[0m
Started GET "/" for ::1 at 2020-06-26 14:37:11 +0530
  [1m[35m (0.6ms)[0m  [1m[34mSELECT sqlite_version(*)[0m
  [1m[35m (0.1ms)[0m  [1m[34mSELECT "schema_migrations"."version" FROM "schema_migrations" ORDER BY "schema_migrations"."version" ASC[0m
Processing by Rails::WelcomeController#index as HTML
  Rendering /home/akki/.ruby/gems/railties-6.0.3.2/lib/rails/templates/rails/welcome/index.html.erb
  Rendered /home/akki/.ruby/gems/railties-6.0.3.2/lib/rails/templates/rails/welcome/index.html.erb (Duration: 6.5ms | Allocations: 458)
Completed 200 OK in 21ms (Views: 9.4ms | ActiveRecord: 0.0ms | Allocations: 2583)


Started GET "/users/sign_up" for ::1 at 2020-06-26 14:37:40 +0530
Processing by Devise::RegistrationsController#new as HTML
  Rendering /home/akki/.ruby/gems/devise-4.7.2/app/views/devise/registrations/new.html.erb within layouts/application
  Rendered /home/akki/.ruby/gems/devise-4.7.2/app/views/devise/shared/_error_messages.html.erb (Duration: 0.9ms | Allocations: 220)
  Rendered /home/akki/.ruby/gems/devise-4.7.2/app/views/devise/shared/_links.html.erb (Duration: 1.6ms | Allocations: 563)
  Rendered /home/akki/.ruby/gems/devise-4.7.2/app/views/devise/registrations/new.html.erb within layouts/application (Duration: 27.6ms | Allocations: 9248)
[Webpacker] Compiling...
[Webpacker] Compiled all packs in /home/akki/Desktop/device_rails_auth/devise/public/packs
[Webpacker] Hash: 15d1bb7b54cf6326b9ba
Version: webpack 4.43.0
Time: 1532ms
Built at: 26/06/2020 2:37:42 pm
                                     Asset       Size       Chunks                         Chunk Names
    js/application-9afcbb5693aa87623e69.js    124 KiB  application  [emitted] [immutable]  application
js/application-9afcbb5693aa87623e69.js.map    139 KiB  application  [emitted] [dev]        application
                             manifest.json  364 bytes               [emitted]              
Entrypoint application = js/application-9afcbb5693aa87623e69.js js/application-9afcbb5693aa87623e69.js.map
[./app/javascript/channels sync recursive _channel\.js$] ./app/javascript/channels sync _channel\.js$ 160 bytes {application} [built]
[./app/javascript/channels/index.js] 211 bytes {application} [built]
[./app/javascript/packs/application.js] 749 bytes {application} [built]
[./node_modules/webpack/buildin/module.js] (webpack)/buildin/module.js 552 bytes {application} [built]
    + 3 hidden modules

Completed 200 OK in 2660ms (Views: 2645.3ms | ActiveRecord: 1.3ms | Allocations: 32221)


Started POST "/users" for ::1 at 2020-06-26 14:38:07 +0530
Processing by Devise::RegistrationsController#create as HTML
  Parameters: {"authenticity_token"=>"yaVgbnaHfdJUUtbp2L7P87eEs8v2kBjL/6FDgRAs5xjbfSgWO5N1IPykl4NzTdHnnaNfRMgO7l8/E/w56T42ZQ==", "user"=>{"email"=>"akshat@gmail.com", "password"=>"[FILTERED]", "password_confirmation"=>"[FILTERED]"}, "commit"=>"Sign up"}
  [1m[35m (0.1ms)[0m  [1m[36mbegin transaction[0m
  [1m[36mUser Exists? (0.1ms)[0m  [1m[34mSELECT 1 AS one FROM "users" WHERE "users"."email" = ? LIMIT ?[0m  [["email", "akshat@gmail.com"], ["LIMIT", 1]]
  [1m[36mUser Create (0.2ms)[0m  [1m[32mINSERT INTO "users" ("email", "encrypted_password", "created_at", "updated_at") VALUES (?, ?, ?, ?)[0m  [["email", "akshat@gmail.com"], ["encrypted_password", "$2a$12$V6bc8DabaRevlXsVQtAnlu.YggEQ1EyLBLL7bF1WbxTU6zfDZ22OC"], ["created_at", "2020-06-26 09:08:07.497103"], ["updated_at", "2020-06-26 09:08:07.497103"]]
  [1m[35m (11.6ms)[0m  [1m[36mcommit transaction[0m
Redirected to http://localhost:3000/
Completed 302 Found in 249ms (ActiveRecord: 12.0ms | Allocations: 12655)


Started GET "/" for ::1 at 2020-06-26 14:38:07 +0530
Processing by Rails::WelcomeController#index as HTML
  Rendering /home/akki/.ruby/gems/railties-6.0.3.2/lib/rails/templates/rails/welcome/index.html.erb
  Rendered /home/akki/.ruby/gems/railties-6.0.3.2/lib/rails/templates/rails/welcome/index.html.erb (Duration: 5.9ms | Allocations: 199)
Completed 200 OK in 8ms (Views: 6.6ms | ActiveRecord: 0.0ms | Allocations: 965)


Started GET "/users/login" for ::1 at 2020-06-26 14:38:33 +0530
  
ActionController::RoutingError (No route matches [GET] "/users/login"):
  
actionpack (6.0.3.2) lib/action_dispatch/middleware/debug_exceptions.rb:36:in `call'
web-console (4.0.3) lib/web_console/middleware.rb:132:in `call_app'
web-console (4.0.3) lib/web_console/middleware.rb:28:in `block in call'
web-console (4.0.3) lib/web_console/middleware.rb:17:in `catch'
web-console (4.0.3) lib/web_console/middleware.rb:17:in `call'
actionpack (6.0.3.2) lib/action_dispatch/middleware/show_exceptions.rb:33:in `call'
railties (6.0.3.2) lib/rails/rack/logger.rb:37:in `call_app'
railties (6.0.3.2) lib/rails/rack/logger.rb:26:in `block in call'
activesupport (6.0.3.2) lib/active_support/tagged_logging.rb:80:in `block in tagged'
activesupport (6.0.3.2) lib/active_support/tagged_logging.rb:28:in `tagged'
activesupport (6.0.3.2) lib/active_support/tagged_logging.rb:80:in `tagged'
railties (6.0.3.2) lib/rails/rack/logger.rb:26:in `call'
sprockets-rails (3.2.1) lib/sprockets/rails/quiet_assets.rb:13:in `call'
actionpack (6.0.3.2) lib/action_dispatch/middleware/remote_ip.rb:81:in `call'
actionpack (6.0.3.2) lib/action_dispatch/middleware/request_id.rb:27:in `call'
rack (2.2.3) lib/rack/method_override.rb:24:in `call'
rack (2.2.3) lib/rack/runtime.rb:22:in `call'
activesupport (6.0.3.2) lib/active_support/cache/strategy/local_cache_middleware.rb:29:in `call'
actionpack (6.0.3.2) lib/action_dispatch/middleware/executor.rb:14:in `call'
actionpack (6.0.3.2) lib/action_dispatch/middleware/static.rb:126:in `call'
rack (2.2.3) lib/rack/sendfile.rb:110:in `call'
actionpack (6.0.3.2) lib/action_dispatch/middleware/host_authorization.rb:82:in `call'
webpacker (4.2.2) lib/webpacker/dev_server_proxy.rb:23:in `perform_request'
rack-proxy (0.6.5) lib/rack/proxy.rb:57:in `call'
railties (6.0.3.2) lib/rails/engine.rb:527:in `call'
puma (4.3.5) lib/puma/configuration.rb:228:in `call'
puma (4.3.5) lib/puma/server.rb:713:in `handle_request'
puma (4.3.5) lib/puma/server.rb:472:in `process_client'
puma (4.3.5) lib/puma/server.rb:328:in `block in run'
puma (4.3.5) lib/puma/thread_pool.rb:134:in `block in spawn_thread'
Started GET "/users/sign_in" for ::1 at 2020-06-26 14:38:47 +0530
Processing by Devise::SessionsController#new as HTML
  [1m[36mUser Load (0.2ms)[0m  [1m[34mSELECT "users".* FROM "users" WHERE "users"."id" = ? ORDER BY "users"."id" ASC LIMIT ?[0m  [["id", 1], ["LIMIT", 1]]
Redirected to http://localhost:3000/
Filter chain halted as :require_no_authentication rendered or redirected
Completed 302 Found in 3ms (ActiveRecord: 0.2ms | Allocations: 2171)


Started GET "/" for ::1 at 2020-06-26 14:38:47 +0530
Processing by Rails::WelcomeController#index as HTML
  Rendering /home/akki/.ruby/gems/railties-6.0.3.2/lib/rails/templates/rails/welcome/index.html.erb
  Rendered /home/akki/.ruby/gems/railties-6.0.3.2/lib/rails/templates/rails/welcome/index.html.erb (Duration: 0.3ms | Allocations: 7)
Completed 200 OK in 1ms (Views: 0.7ms | ActiveRecord: 0.0ms | Allocations: 472)


Started GET "/users/sign_out" for ::1 at 2020-06-26 14:38:53 +0530
  
ActionController::RoutingError (No route matches [GET] "/users/sign_out"):
  
actionpack (6.0.3.2) lib/action_dispatch/middleware/debug_exceptions.rb:36:in `call'
web-console (4.0.3) lib/web_console/middleware.rb:132:in `call_app'
web-console (4.0.3) lib/web_console/middleware.rb:28:in `block in call'
web-console (4.0.3) lib/web_console/middleware.rb:17:in `catch'
web-console (4.0.3) lib/web_console/middleware.rb:17:in `call'
actionpack (6.0.3.2) lib/action_dispatch/middleware/show_exceptions.rb:33:in `call'
railties (6.0.3.2) lib/rails/rack/logger.rb:37:in `call_app'
railties (6.0.3.2) lib/rails/rack/logger.rb:26:in `block in call'
activesupport (6.0.3.2) lib/active_support/tagged_logging.rb:80:in `block in tagged'
activesupport (6.0.3.2) lib/active_support/tagged_logging.rb:28:in `tagged'
activesupport (6.0.3.2) lib/active_support/tagged_logging.rb:80:in `tagged'
railties (6.0.3.2) lib/rails/rack/logger.rb:26:in `call'
sprockets-rails (3.2.1) lib/sprockets/rails/quiet_assets.rb:13:in `call'
actionpack (6.0.3.2) lib/action_dispatch/middleware/remote_ip.rb:81:in `call'
actionpack (6.0.3.2) lib/action_dispatch/middleware/request_id.rb:27:in `call'
rack (2.2.3) lib/rack/method_override.rb:24:in `call'
rack (2.2.3) lib/rack/runtime.rb:22:in `call'
activesupport (6.0.3.2) lib/active_support/cache/strategy/local_cache_middleware.rb:29:in `call'
actionpack (6.0.3.2) lib/action_dispatch/middleware/executor.rb:14:in `call'
actionpack (6.0.3.2) lib/action_dispatch/middleware/static.rb:126:in `call'
rack (2.2.3) lib/rack/sendfile.rb:110:in `call'
actionpack (6.0.3.2) lib/action_dispatch/middleware/host_authorization.rb:82:in `call'
webpacker (4.2.2) lib/webpacker/dev_server_proxy.rb:23:in `perform_request'
rack-proxy (0.6.5) lib/rack/proxy.rb:57:in `call'
railties (6.0.3.2) lib/rails/engine.rb:527:in `call'
puma (4.3.5) lib/puma/configuration.rb:228:in `call'
puma (4.3.5) lib/puma/server.rb:713:in `handle_request'
puma (4.3.5) lib/puma/server.rb:472:in `process_client'
puma (4.3.5) lib/puma/server.rb:328:in `block in run'
puma (4.3.5) lib/puma/thread_pool.rb:134:in `block in spawn_thread'
Started GET "/users/sign_out/" for ::1 at 2020-06-26 14:38:59 +0530
  
ActionController::RoutingError (No route matches [GET] "/users/sign_out"):
  
actionpack (6.0.3.2) lib/action_dispatch/middleware/debug_exceptions.rb:36:in `call'
web-console (4.0.3) lib/web_console/middleware.rb:132:in `call_app'
web-console (4.0.3) lib/web_console/middleware.rb:28:in `block in call'
web-console (4.0.3) lib/web_console/middleware.rb:17:in `catch'
web-console (4.0.3) lib/web_console/middleware.rb:17:in `call'
actionpack (6.0.3.2) lib/action_dispatch/middleware/show_exceptions.rb:33:in `call'
railties (6.0.3.2) lib/rails/rack/logger.rb:37:in `call_app'
railties (6.0.3.2) lib/rails/rack/logger.rb:26:in `block in call'
activesupport (6.0.3.2) lib/active_support/tagged_logging.rb:80:in `block in tagged'
activesupport (6.0.3.2) lib/active_support/tagged_logging.rb:28:in `tagged'
activesupport (6.0.3.2) lib/active_support/tagged_logging.rb:80:in `tagged'
railties (6.0.3.2) lib/rails/rack/logger.rb:26:in `call'
sprockets-rails (3.2.1) lib/sprockets/rails/quiet_assets.rb:13:in `call'
actionpack (6.0.3.2) lib/action_dispatch/middleware/remote_ip.rb:81:in `call'
actionpack (6.0.3.2) lib/action_dispatch/middleware/request_id.rb:27:in `call'
rack (2.2.3) lib/rack/method_override.rb:24:in `call'
rack (2.2.3) lib/rack/runtime.rb:22:in `call'
activesupport (6.0.3.2) lib/active_support/cache/strategy/local_cache_middleware.rb:29:in `call'
actionpack (6.0.3.2) lib/action_dispatch/middleware/executor.rb:14:in `call'
actionpack (6.0.3.2) lib/action_dispatch/middleware/static.rb:126:in `call'
rack (2.2.3) lib/rack/sendfile.rb:110:in `call'
actionpack (6.0.3.2) lib/action_dispatch/middleware/host_authorization.rb:82:in `call'
webpacker (4.2.2) lib/webpacker/dev_server_proxy.rb:23:in `perform_request'
rack-proxy (0.6.5) lib/rack/proxy.rb:57:in `call'
railties (6.0.3.2) lib/rails/engine.rb:527:in `call'
puma (4.3.5) lib/puma/configuration.rb:228:in `call'
puma (4.3.5) lib/puma/server.rb:713:in `handle_request'
puma (4.3.5) lib/puma/server.rb:472:in `process_client'
puma (4.3.5) lib/puma/server.rb:328:in `block in run'
puma (4.3.5) lib/puma/thread_pool.rb:134:in `block in spawn_thread'
Started GET "/" for ::1 at 2020-06-26 14:40:00 +0530
Processing by Rails::WelcomeController#index as HTML
  Rendering /home/akki/.ruby/gems/railties-6.0.3.2/lib/rails/templates/rails/welcome/index.html.erb
  Rendered /home/akki/.ruby/gems/railties-6.0.3.2/lib/rails/templates/rails/welcome/index.html.erb (Duration: 9.4ms | Allocations: 195)
Completed 200 OK in 12ms (Views: 10.5ms | ActiveRecord: 0.0ms | Allocations: 975)


Started GET "/" for ::1 at 2020-06-26 14:40:30 +0530
  [1m[35m (0.1ms)[0m  [1m[34mSELECT sqlite_version(*)[0m
Processing by Rails::WelcomeController#index as HTML
  Rendering /home/akki/.ruby/gems/railties-6.0.3.2/lib/rails/templates/rails/welcome/index.html.erb
  Rendered /home/akki/.ruby/gems/railties-6.0.3.2/lib/rails/templates/rails/welcome/index.html.erb (Duration: 0.3ms | Allocations: 8)
Completed 200 OK in 3ms (Views: 0.7ms | ActiveRecord: 0.0ms | Allocations: 2181)


Started GET "/" for ::1 at 2020-06-26 14:40:39 +0530
  [1m[35m (0.8ms)[0m  [1m[34mSELECT sqlite_version(*)[0m
  [1m[35m (0.1ms)[0m  [1m[34mSELECT "schema_migrations"."version" FROM "schema_migrations" ORDER BY "schema_migrations"."version" ASC[0m
Processing by Rails::WelcomeController#index as HTML
  Rendering /home/akki/.ruby/gems/railties-6.0.3.2/lib/rails/templates/rails/welcome/index.html.erb
  Rendered /home/akki/.ruby/gems/railties-6.0.3.2/lib/rails/templates/rails/welcome/index.html.erb (Duration: 6.7ms | Allocations: 458)
Completed 200 OK in 15ms (Views: 8.6ms | ActiveRecord: 0.0ms | Allocations: 2695)


Started GET "/" for ::1 at 2020-06-26 14:40:44 +0530
Processing by Rails::WelcomeController#index as HTML
  Rendering /home/akki/.ruby/gems/railties-6.0.3.2/lib/rails/templates/rails/welcome/index.html.erb
  Rendered /home/akki/.ruby/gems/railties-6.0.3.2/lib/rails/templates/rails/welcome/index.html.erb (Duration: 7.3ms | Allocations: 199)
Completed 200 OK in 9ms (Views: 8.1ms | ActiveRecord: 0.0ms | Allocations: 976)


Started GET "/users/sign_up" for ::1 at 2020-06-26 14:41:27 +0530
Processing by Devise::RegistrationsController#new as HTML
  [1m[36mUser Load (0.2ms)[0m  [1m[34mSELECT "users".* FROM "users" WHERE "users"."id" = ? ORDER BY "users"."id" ASC LIMIT ?[0m  [["id", 1], ["LIMIT", 1]]
Redirected to http://localhost:3000/
Filter chain halted as :require_no_authentication rendered or redirected
Completed 302 Found in 22ms (ActiveRecord: 0.8ms | Allocations: 10734)


Started GET "/" for ::1 at 2020-06-26 14:41:27 +0530
Processing by Rails::WelcomeController#index as HTML
  Rendering /home/akki/.ruby/gems/railties-6.0.3.2/lib/rails/templates/rails/welcome/index.html.erb
  Rendered /home/akki/.ruby/gems/railties-6.0.3.2/lib/rails/templates/rails/welcome/index.html.erb (Duration: 0.1ms | Allocations: 7)
Completed 200 OK in 2ms (Views: 0.6ms | ActiveRecord: 0.0ms | Allocations: 464)


Started GET "/users/log_out" for ::1 at 2020-06-26 14:41:34 +0530
  
ActionController::RoutingError (No route matches [GET] "/users/log_out"):
  
actionpack (6.0.3.2) lib/action_dispatch/middleware/debug_exceptions.rb:36:in `call'
web-console (4.0.3) lib/web_console/middleware.rb:132:in `call_app'
web-console (4.0.3) lib/web_console/middleware.rb:28:in `block in call'
web-console (4.0.3) lib/web_console/middleware.rb:17:in `catch'
web-console (4.0.3) lib/web_console/middleware.rb:17:in `call'
actionpack (6.0.3.2) lib/action_dispatch/middleware/show_exceptions.rb:33:in `call'
railties (6.0.3.2) lib/rails/rack/logger.rb:37:in `call_app'
railties (6.0.3.2) lib/rails/rack/logger.rb:26:in `block in call'
activesupport (6.0.3.2) lib/active_support/tagged_logging.rb:80:in `block in tagged'
activesupport (6.0.3.2) lib/active_support/tagged_logging.rb:28:in `tagged'
activesupport (6.0.3.2) lib/active_support/tagged_logging.rb:80:in `tagged'
railties (6.0.3.2) lib/rails/rack/logger.rb:26:in `call'
sprockets-rails (3.2.1) lib/sprockets/rails/quiet_assets.rb:13:in `call'
actionpack (6.0.3.2) lib/action_dispatch/middleware/remote_ip.rb:81:in `call'
actionpack (6.0.3.2) lib/action_dispatch/middleware/request_id.rb:27:in `call'
rack (2.2.3) lib/rack/method_override.rb:24:in `call'
rack (2.2.3) lib/rack/runtime.rb:22:in `call'
activesupport (6.0.3.2) lib/active_support/cache/strategy/local_cache_middleware.rb:29:in `call'
actionpack (6.0.3.2) lib/action_dispatch/middleware/executor.rb:14:in `call'
actionpack (6.0.3.2) lib/action_dispatch/middleware/static.rb:126:in `call'
rack (2.2.3) lib/rack/sendfile.rb:110:in `call'
actionpack (6.0.3.2) lib/action_dispatch/middleware/host_authorization.rb:82:in `call'
webpacker (4.2.2) lib/webpacker/dev_server_proxy.rb:23:in `perform_request'
rack-proxy (0.6.5) lib/rack/proxy.rb:57:in `call'
railties (6.0.3.2) lib/rails/engine.rb:527:in `call'
puma (4.3.5) lib/puma/configuration.rb:228:in `call'
puma (4.3.5) lib/puma/server.rb:713:in `handle_request'
puma (4.3.5) lib/puma/server.rb:472:in `process_client'
puma (4.3.5) lib/puma/server.rb:328:in `block in run'
puma (4.3.5) lib/puma/thread_pool.rb:134:in `block in spawn_thread'
Started GET "/users/sign_out" for ::1 at 2020-06-26 14:41:38 +0530
  
ActionController::RoutingError (No route matches [GET] "/users/sign_out"):
  
actionpack (6.0.3.2) lib/action_dispatch/middleware/debug_exceptions.rb:36:in `call'
web-console (4.0.3) lib/web_console/middleware.rb:132:in `call_app'
web-console (4.0.3) lib/web_console/middleware.rb:28:in `block in call'
web-console (4.0.3) lib/web_console/middleware.rb:17:in `catch'
web-console (4.0.3) lib/web_console/middleware.rb:17:in `call'
actionpack (6.0.3.2) lib/action_dispatch/middleware/show_exceptions.rb:33:in `call'
railties (6.0.3.2) lib/rails/rack/logger.rb:37:in `call_app'
railties (6.0.3.2) lib/rails/rack/logger.rb:26:in `block in call'
activesupport (6.0.3.2) lib/active_support/tagged_logging.rb:80:in `block in tagged'
activesupport (6.0.3.2) lib/active_support/tagged_logging.rb:28:in `tagged'
activesupport (6.0.3.2) lib/active_support/tagged_logging.rb:80:in `tagged'
railties (6.0.3.2) lib/rails/rack/logger.rb:26:in `call'
sprockets-rails (3.2.1) lib/sprockets/rails/quiet_assets.rb:13:in `call'
actionpack (6.0.3.2) lib/action_dispatch/middleware/remote_ip.rb:81:in `call'
actionpack (6.0.3.2) lib/action_dispatch/middleware/request_id.rb:27:in `call'
rack (2.2.3) lib/rack/method_override.rb:24:in `call'
rack (2.2.3) lib/rack/runtime.rb:22:in `call'
activesupport (6.0.3.2) lib/active_support/cache/strategy/local_cache_middleware.rb:29:in `call'
actionpack (6.0.3.2) lib/action_dispatch/middleware/executor.rb:14:in `call'
actionpack (6.0.3.2) lib/action_dispatch/middleware/static.rb:126:in `call'
rack (2.2.3) lib/rack/sendfile.rb:110:in `call'
actionpack (6.0.3.2) lib/action_dispatch/middleware/host_authorization.rb:82:in `call'
webpacker (4.2.2) lib/webpacker/dev_server_proxy.rb:23:in `perform_request'
rack-proxy (0.6.5) lib/rack/proxy.rb:57:in `call'
railties (6.0.3.2) lib/rails/engine.rb:527:in `call'
puma (4.3.5) lib/puma/configuration.rb:228:in `call'
puma (4.3.5) lib/puma/server.rb:713:in `handle_request'
puma (4.3.5) lib/puma/server.rb:472:in `process_client'
puma (4.3.5) lib/puma/server.rb:328:in `block in run'
puma (4.3.5) lib/puma/thread_pool.rb:134:in `block in spawn_thread'
Started GET "/users/sign_in" for ::1 at 2020-06-26 14:41:49 +0530
Processing by Devise::SessionsController#new as HTML
  [1m[36mUser Load (0.1ms)[0m  [1m[34mSELECT "users".* FROM "users" WHERE "users"."id" = ? ORDER BY "users"."id" ASC LIMIT ?[0m  [["id", 1], ["LIMIT", 1]]
Redirected to http://localhost:3000/
Filter chain halted as :require_no_authentication rendered or redirected
Completed 302 Found in 4ms (ActiveRecord: 0.1ms | Allocations: 2060)


Started GET "/" for ::1 at 2020-06-26 14:41:49 +0530
Processing by Rails::WelcomeController#index as HTML
  Rendering /home/akki/.ruby/gems/railties-6.0.3.2/lib/rails/templates/rails/welcome/index.html.erb
  Rendered /home/akki/.ruby/gems/railties-6.0.3.2/lib/rails/templates/rails/welcome/index.html.erb (Duration: 0.1ms | Allocations: 7)
Completed 200 OK in 1ms (Views: 0.6ms | ActiveRecord: 0.0ms | Allocations: 468)


Started GET "/" for ::1 at 2020-06-26 14:42:04 +0530
Processing by Rails::WelcomeController#index as HTML
  Rendering /home/akki/.ruby/gems/railties-6.0.3.2/lib/rails/templates/rails/welcome/index.html.erb
  Rendered /home/akki/.ruby/gems/railties-6.0.3.2/lib/rails/templates/rails/welcome/index.html.erb (Duration: 7.7ms | Allocations: 195)
Completed 200 OK in 10ms (Views: 8.8ms | ActiveRecord: 0.0ms | Allocations: 971)


Started GET "/" for ::1 at 2020-06-26 14:42:05 +0530
Processing by Rails::WelcomeController#index as HTML
  Rendering /home/akki/.ruby/gems/railties-6.0.3.2/lib/rails/templates/rails/welcome/index.html.erb
  Rendered /home/akki/.ruby/gems/railties-6.0.3.2/lib/rails/templates/rails/welcome/index.html.erb (Duration: 0.8ms | Allocations: 8)
Completed 200 OK in 4ms (Views: 2.1ms | ActiveRecord: 0.0ms | Allocations: 475)


Started GET "/" for ::1 at 2020-06-26 14:42:56 +0530
Processing by Rails::WelcomeController#index as HTML
  Rendering /home/akki/.ruby/gems/railties-6.0.3.2/lib/rails/templates/rails/welcome/index.html.erb
  Rendered /home/akki/.ruby/gems/railties-6.0.3.2/lib/rails/templates/rails/welcome/index.html.erb (Duration: 16.3ms | Allocations: 195)
Completed 200 OK in 21ms (Views: 18.2ms | ActiveRecord: 0.0ms | Allocations: 972)


Started GET "/" for ::1 at 2020-06-26 14:42:58 +0530
Processing by Rails::WelcomeController#index as HTML
  Rendering /home/akki/.ruby/gems/railties-6.0.3.2/lib/rails/templates/rails/welcome/index.html.erb
  Rendered /home/akki/.ruby/gems/railties-6.0.3.2/lib/rails/templates/rails/welcome/index.html.erb (Duration: 1.1ms | Allocations: 7)
Completed 200 OK in 5ms (Views: 2.8ms | ActiveRecord: 0.0ms | Allocations: 472)


Started GET "/users/sign_up" for ::1 at 2020-06-26 14:43:01 +0530
Processing by Devise::RegistrationsController#new as HTML
  [1m[36mUser Load (0.1ms)[0m  [1m[34mSELECT "users".* FROM "users" WHERE "users"."id" = ? ORDER BY "users"."id" ASC LIMIT ?[0m  [["id", 1], ["LIMIT", 1]]
Redirected to http://localhost:3000/
Filter chain halted as :require_no_authentication rendered or redirected
Completed 302 Found in 3ms (ActiveRecord: 0.1ms | Allocations: 1911)


Started GET "/" for ::1 at 2020-06-26 14:43:01 +0530
Processing by Rails::WelcomeController#index as HTML
  Rendering /home/akki/.ruby/gems/railties-6.0.3.2/lib/rails/templates/rails/welcome/index.html.erb
  Rendered /home/akki/.ruby/gems/railties-6.0.3.2/lib/rails/templates/rails/welcome/index.html.erb (Duration: 0.3ms | Allocations: 7)
Completed 200 OK in 1ms (Views: 0.6ms | ActiveRecord: 0.0ms | Allocations: 470)


Started GET "/users/sign_up" for ::1 at 2020-06-26 14:43:06 +0530
Processing by Devise::RegistrationsController#new as HTML
  [1m[36mUser Load (0.1ms)[0m  [1m[34mSELECT "users".* FROM "users" WHERE "users"."id" = ? ORDER BY "users"."id" ASC LIMIT ?[0m  [["id", 1], ["LIMIT", 1]]
Redirected to http://localhost:3000/
Filter chain halted as :require_no_authentication rendered or redirected
Completed 302 Found in 3ms (ActiveRecord: 0.1ms | Allocations: 1891)


Started GET "/" for ::1 at 2020-06-26 14:43:06 +0530
Processing by Rails::WelcomeController#index as HTML
  Rendering /home/akki/.ruby/gems/railties-6.0.3.2/lib/rails/templates/rails/welcome/index.html.erb
  Rendered /home/akki/.ruby/gems/railties-6.0.3.2/lib/rails/templates/rails/welcome/index.html.erb (Duration: 0.4ms | Allocations: 7)
Completed 200 OK in 2ms (Views: 0.9ms | ActiveRecord: 0.0ms | Allocations: 465)


Started GET "/" for ::1 at 2020-06-26 14:43:14 +0530
Processing by Rails::WelcomeController#index as HTML
  Rendering /home/akki/.ruby/gems/railties-6.0.3.2/lib/rails/templates/rails/welcome/index.html.erb
  Rendered /home/akki/.ruby/gems/railties-6.0.3.2/lib/rails/templates/rails/welcome/index.html.erb (Duration: 0.8ms | Allocations: 7)
Completed 200 OK in 3ms (Views: 1.8ms | ActiveRecord: 0.0ms | Allocations: 351)


Started GET "/" for ::1 at 2020-06-26 14:43:14 +0530
Processing by Rails::WelcomeController#index as HTML
  Rendering /home/akki/.ruby/gems/railties-6.0.3.2/lib/rails/templates/rails/welcome/index.html.erb
  Rendered /home/akki/.ruby/gems/railties-6.0.3.2/lib/rails/templates/rails/welcome/index.html.erb (Duration: 0.9ms | Allocations: 7)
Completed 200 OK in 4ms (Views: 2.3ms | ActiveRecord: 0.0ms | Allocations: 351)


Started GET "/users/sign_up" for ::1 at 2020-06-26 14:43:17 +0530
Processing by Devise::RegistrationsController#new as HTML
  Rendering /home/akki/.ruby/gems/devise-4.7.2/app/views/devise/registrations/new.html.erb within layouts/application
  Rendered /home/akki/.ruby/gems/devise-4.7.2/app/views/devise/shared/_error_messages.html.erb (Duration: 0.5ms | Allocations: 219)
  Rendered /home/akki/.ruby/gems/devise-4.7.2/app/views/devise/shared/_links.html.erb (Duration: 0.8ms | Allocations: 559)
  Rendered /home/akki/.ruby/gems/devise-4.7.2/app/views/devise/registrations/new.html.erb within layouts/application (Duration: 13.2ms | Allocations: 8644)
[Webpacker] Everything's up-to-date. Nothing to do
Completed 200 OK in 28ms (Views: 24.8ms | ActiveRecord: 0.0ms | Allocations: 15821)


Started GET "/users/sign_in" for ::1 at 2020-06-26 14:43:24 +0530
Processing by Devise::SessionsController#new as HTML
  Rendering /home/akki/.ruby/gems/devise-4.7.2/app/views/devise/sessions/new.html.erb within layouts/application
  Rendered /home/akki/.ruby/gems/devise-4.7.2/app/views/devise/shared/_links.html.erb (Duration: 0.6ms | Allocations: 222)
  Rendered /home/akki/.ruby/gems/devise-4.7.2/app/views/devise/sessions/new.html.erb within layouts/application (Duration: 5.3ms | Allocations: 2022)
[Webpacker] Everything's up-to-date. Nothing to do
Completed 200 OK in 15ms (Views: 12.1ms | ActiveRecord: 0.0ms | Allocations: 7149)


Started GET "/users/sign_in" for ::1 at 2020-06-26 14:43:26 +0530
Processing by Devise::SessionsController#new as HTML
  Rendering /home/akki/.ruby/gems/devise-4.7.2/app/views/devise/sessions/new.html.erb within layouts/application
  Rendered /home/akki/.ruby/gems/devise-4.7.2/app/views/devise/shared/_links.html.erb (Duration: 0.4ms | Allocations: 136)
  Rendered /home/akki/.ruby/gems/devise-4.7.2/app/views/devise/sessions/new.html.erb within layouts/application (Duration: 2.9ms | Allocations: 1117)
[Webpacker] Everything's up-to-date. Nothing to do
Completed 200 OK in 10ms (Views: 9.2ms | ActiveRecord: 0.0ms | Allocations: 5094)


Started GET "/users/sign_up" for ::1 at 2020-06-26 14:43:26 +0530
Processing by Devise::RegistrationsController#new as HTML
  Rendering /home/akki/.ruby/gems/devise-4.7.2/app/views/devise/registrations/new.html.erb within layouts/application
  Rendered /home/akki/.ruby/gems/devise-4.7.2/app/views/devise/shared/_error_messages.html.erb (Duration: 0.1ms | Allocations: 15)
  Rendered /home/akki/.ruby/gems/devise-4.7.2/app/views/devise/shared/_links.html.erb (Duration: 0.2ms | Allocations: 80)
  Rendered /home/akki/.ruby/gems/devise-4.7.2/app/views/devise/registrations/new.html.erb within layouts/application (Duration: 4.1ms | Allocations: 1144)
[Webpacker] Everything's up-to-date. Nothing to do
Completed 200 OK in 15ms (Views: 13.7ms | ActiveRecord: 0.0ms | Allocations: 5058)


Started GET "/users/sign_in" for ::1 at 2020-06-26 14:43:27 +0530
Processing by Devise::SessionsController#new as HTML
  Rendering /home/akki/.ruby/gems/devise-4.7.2/app/views/devise/sessions/new.html.erb within layouts/application
  Rendered /home/akki/.ruby/gems/devise-4.7.2/app/views/devise/shared/_links.html.erb (Duration: 0.2ms | Allocations: 136)
  Rendered /home/akki/.ruby/gems/devise-4.7.2/app/views/devise/sessions/new.html.erb within layouts/application (Duration: 2.0ms | Allocations: 1117)
[Webpacker] Everything's up-to-date. Nothing to do
Completed 200 OK in 9ms (Views: 7.9ms | ActiveRecord: 0.0ms | Allocations: 5097)


Started GET "/users/sign_up" for ::1 at 2020-06-26 14:43:28 +0530
Processing by Devise::RegistrationsController#new as HTML
  Rendering /home/akki/.ruby/gems/devise-4.7.2/app/views/devise/registrations/new.html.erb within layouts/application
  Rendered /home/akki/.ruby/gems/devise-4.7.2/app/views/devise/shared/_error_messages.html.erb (Duration: 0.1ms | Allocations: 15)
  Rendered /home/akki/.ruby/gems/devise-4.7.2/app/views/devise/shared/_links.html.erb (Duration: 0.3ms | Allocations: 79)
  Rendered /home/akki/.ruby/gems/devise-4.7.2/app/views/devise/registrations/new.html.erb within layouts/application (Duration: 3.6ms | Allocations: 1135)
[Webpacker] Everything's up-to-date. Nothing to do
Completed 200 OK in 13ms (Views: 11.4ms | ActiveRecord: 0.0ms | Allocations: 5033)


Started GET "/users/sign_in" for ::1 at 2020-06-26 14:43:29 +0530
Processing by Devise::SessionsController#new as HTML
  Rendering /home/akki/.ruby/gems/devise-4.7.2/app/views/devise/sessions/new.html.erb within layouts/application
  Rendered /home/akki/.ruby/gems/devise-4.7.2/app/views/devise/shared/_links.html.erb (Duration: 0.3ms | Allocations: 136)
  Rendered /home/akki/.ruby/gems/devise-4.7.2/app/views/devise/sessions/new.html.erb within layouts/application (Duration: 2.7ms | Allocations: 1117)
[Webpacker] Everything's up-to-date. Nothing to do
Completed 200 OK in 11ms (Views: 9.6ms | ActiveRecord: 0.0ms | Allocations: 5092)


Started GET "/users/sign_up" for ::1 at 2020-06-26 14:43:29 +0530
Processing by Devise::RegistrationsController#new as HTML
  Rendering /home/akki/.ruby/gems/devise-4.7.2/app/views/devise/registrations/new.html.erb within layouts/application
  Rendered /home/akki/.ruby/gems/devise-4.7.2/app/views/devise/shared/_error_messages.html.erb (Duration: 0.1ms | Allocations: 15)
  Rendered /home/akki/.ruby/gems/devise-4.7.2/app/views/devise/shared/_links.html.erb (Duration: 0.3ms | Allocations: 79)
  Rendered /home/akki/.ruby/gems/devise-4.7.2/app/views/devise/registrations/new.html.erb within layouts/application (Duration: 4.3ms | Allocations: 1135)
[Webpacker] Everything's up-to-date. Nothing to do
Completed 200 OK in 13ms (Views: 11.5ms | ActiveRecord: 0.0ms | Allocations: 5041)


Started GET "/users/sign_in" for ::1 at 2020-06-26 14:43:30 +0530
Processing by Devise::SessionsController#new as HTML
  Rendering /home/akki/.ruby/gems/devise-4.7.2/app/views/devise/sessions/new.html.erb within layouts/application
  Rendered /home/akki/.ruby/gems/devise-4.7.2/app/views/devise/shared/_links.html.erb (Duration: 0.3ms | Allocations: 136)
  Rendered /home/akki/.ruby/gems/devise-4.7.2/app/views/devise/sessions/new.html.erb within layouts/application (Duration: 2.9ms | Allocations: 1117)
[Webpacker] Everything's up-to-date. Nothing to do
Completed 200 OK in 9ms (Views: 8.3ms | ActiveRecord: 0.0ms | Allocations: 5087)


Started GET "/users/sign_up" for ::1 at 2020-06-26 14:43:33 +0530
Processing by Devise::RegistrationsController#new as HTML
  Rendering /home/akki/.ruby/gems/devise-4.7.2/app/views/devise/registrations/new.html.erb within layouts/application
  Rendered /home/akki/.ruby/gems/devise-4.7.2/app/views/devise/shared/_error_messages.html.erb (Duration: 0.1ms | Allocations: 15)
  Rendered /home/akki/.ruby/gems/devise-4.7.2/app/views/devise/shared/_links.html.erb (Duration: 0.3ms | Allocations: 79)
  Rendered /home/akki/.ruby/gems/devise-4.7.2/app/views/devise/registrations/new.html.erb within layouts/application (Duration: 7.3ms | Allocations: 1135)
[Webpacker] Everything's up-to-date. Nothing to do
Completed 200 OK in 14ms (Views: 12.7ms | ActiveRecord: 0.0ms | Allocations: 5034)


Started GET "/users/sign_up" for ::1 at 2020-06-26 14:43:35 +0530
Processing by Devise::RegistrationsController#new as HTML
  Rendering /home/akki/.ruby/gems/devise-4.7.2/app/views/devise/registrations/new.html.erb within layouts/application
  Rendered /home/akki/.ruby/gems/devise-4.7.2/app/views/devise/shared/_error_messages.html.erb (Duration: 0.0ms | Allocations: 15)
  Rendered /home/akki/.ruby/gems/devise-4.7.2/app/views/devise/shared/_links.html.erb (Duration: 0.2ms | Allocations: 79)
  Rendered /home/akki/.ruby/gems/devise-4.7.2/app/views/devise/registrations/new.html.erb within layouts/application (Duration: 2.3ms | Allocations: 1135)
[Webpacker] Everything's up-to-date. Nothing to do
Completed 200 OK in 9ms (Views: 8.1ms | ActiveRecord: 0.0ms | Allocations: 5033)


Started GET "/users/sign_up" for ::1 at 2020-06-26 14:43:58 +0530
Processing by Devise::RegistrationsController#new as HTML
  Rendering /home/akki/.ruby/gems/devise-4.7.2/app/views/devise/registrations/new.html.erb within layouts/application
  Rendered /home/akki/.ruby/gems/devise-4.7.2/app/views/devise/shared/_error_messages.html.erb (Duration: 1.6ms | Allocations: 210)
  Rendered /home/akki/.ruby/gems/devise-4.7.2/app/views/devise/shared/_links.html.erb (Duration: 1.4ms | Allocations: 495)
  Rendered /home/akki/.ruby/gems/devise-4.7.2/app/views/devise/registrations/new.html.erb within layouts/application (Duration: 12.9ms | Allocations: 2580)
[Webpacker] Everything's up-to-date. Nothing to do
Completed 200 OK in 33ms (Views: 30.3ms | ActiveRecord: 0.0ms | Allocations: 8242)


Started GET "/users/sign_in" for ::1 at 2020-06-26 14:44:00 +0530
Processing by Devise::SessionsController#new as HTML
  Rendering /home/akki/.ruby/gems/devise-4.7.2/app/views/devise/sessions/new.html.erb within layouts/application
  Rendered /home/akki/.ruby/gems/devise-4.7.2/app/views/devise/shared/_links.html.erb (Duration: 0.4ms | Allocations: 136)
  Rendered /home/akki/.ruby/gems/devise-4.7.2/app/views/devise/sessions/new.html.erb within layouts/application (Duration: 5.1ms | Allocations: 1436)
[Webpacker] Everything's up-to-date. Nothing to do
Completed 200 OK in 14ms (Views: 13.3ms | ActiveRecord: 0.0ms | Allocations: 6174)


Started GET "/" for ::1 at 2020-06-26 14:45:58 +0530
  [1m[35m (0.7ms)[0m  [1m[34mSELECT sqlite_version(*)[0m
  [1m[35m (0.2ms)[0m  [1m[34mSELECT "schema_migrations"."version" FROM "schema_migrations" ORDER BY "schema_migrations"."version" ASC[0m
Processing by HomeController#index as HTML
Completed 401 Unauthorized in 9ms (ActiveRecord: 0.0ms | Allocations: 1622)


Started GET "/users/sign_in" for ::1 at 2020-06-26 14:45:58 +0530
Processing by Devise::SessionsController#new as HTML
  Rendering /home/akki/.ruby/gems/devise-4.7.2/app/views/devise/sessions/new.html.erb within layouts/application
  Rendered /home/akki/.ruby/gems/devise-4.7.2/app/views/devise/shared/_links.html.erb (Duration: 1.0ms | Allocations: 659)
  Rendered /home/akki/.ruby/gems/devise-4.7.2/app/views/devise/sessions/new.html.erb within layouts/application (Duration: 6.8ms | Allocations: 4063)
[Webpacker] Everything's up-to-date. Nothing to do
Completed 200 OK in 64ms (Views: 54.0ms | ActiveRecord: 0.6ms | Allocations: 30224)


Started GET "/" for ::1 at 2020-06-26 14:46:02 +0530
Processing by HomeController#index as HTML
Completed 401 Unauthorized in 1ms (ActiveRecord: 0.0ms | Allocations: 299)


Started GET "/users/sign_in" for ::1 at 2020-06-26 14:46:02 +0530
Processing by Devise::SessionsController#new as HTML
  Rendering /home/akki/.ruby/gems/devise-4.7.2/app/views/devise/sessions/new.html.erb within layouts/application
  Rendered /home/akki/.ruby/gems/devise-4.7.2/app/views/devise/shared/_links.html.erb (Duration: 0.3ms | Allocations: 136)
  Rendered /home/akki/.ruby/gems/devise-4.7.2/app/views/devise/sessions/new.html.erb within layouts/application (Duration: 4.1ms | Allocations: 1124)
[Webpacker] Everything's up-to-date. Nothing to do
Completed 200 OK in 25ms (Views: 22.7ms | ActiveRecord: 0.0ms | Allocations: 5256)


Started GET "/" for ::1 at 2020-06-26 14:46:05 +0530
Processing by HomeController#index as HTML
Completed 401 Unauthorized in 1ms (ActiveRecord: 0.0ms | Allocations: 295)


Started GET "/users/sign_in" for ::1 at 2020-06-26 14:46:05 +0530
Processing by Devise::SessionsController#new as HTML
  Rendering /home/akki/.ruby/gems/devise-4.7.2/app/views/devise/sessions/new.html.erb within layouts/application
  Rendered /home/akki/.ruby/gems/devise-4.7.2/app/views/devise/shared/_links.html.erb (Duration: 0.2ms | Allocations: 136)
  Rendered /home/akki/.ruby/gems/devise-4.7.2/app/views/devise/sessions/new.html.erb within layouts/application (Duration: 1.7ms | Allocations: 1118)
[Webpacker] Everything's up-to-date. Nothing to do
Completed 200 OK in 8ms (Views: 6.8ms | ActiveRecord: 0.0ms | Allocations: 5248)


Started POST "/users/sign_in" for ::1 at 2020-06-26 14:46:13 +0530
Processing by Devise::SessionsController#create as HTML
  Parameters: {"authenticity_token"=>"DDGOa+e3+o2a4n7uIfmbPvh8BJE3MzFy5hSeQNXYt8YWQ33ECC3yhnl4mx9qhf6wx2vCmhVch7WtohgiGcJVAA==", "user"=>{"email"=>"akshat@gmail.com", "password"=>"[FILTERED]", "remember_me"=>"0"}, "commit"=>"Log in"}
  [1m[36mUser Load (0.3ms)[0m  [1m[34mSELECT "users".* FROM "users" WHERE "users"."email" = ? ORDER BY "users"."id" ASC LIMIT ?[0m  [["email", "akshat@gmail.com"], ["LIMIT", 1]]
Redirected to http://localhost:3000/
Completed 302 Found in 227ms (ActiveRecord: 0.3ms | Allocations: 6573)


Started GET "/" for ::1 at 2020-06-26 14:46:14 +0530
Processing by HomeController#index as HTML
  [1m[36mUser Load (0.3ms)[0m  [1m[34mSELECT "users".* FROM "users" WHERE "users"."id" = ? ORDER BY "users"."id" ASC LIMIT ?[0m  [["id", 1], ["LIMIT", 1]]
Completed 406 Not Acceptable in 6ms (ActiveRecord: 0.3ms | Allocations: 3884)


  
ActionController::MissingExactTemplate (HomeController#index is missing a template for request formats: text/html):
  
actionpack (6.0.3.2) lib/action_controller/metal/implicit_render.rb:45:in `default_render'
actionpack (6.0.3.2) lib/action_controller/metal/basic_implicit_render.rb:6:in `block in send_action'
actionpack (6.0.3.2) lib/action_controller/metal/basic_implicit_render.rb:6:in `tap'
actionpack (6.0.3.2) lib/action_controller/metal/basic_implicit_render.rb:6:in `send_action'
actionpack (6.0.3.2) lib/abstract_controller/base.rb:195:in `process_action'
actionpack (6.0.3.2) lib/action_controller/metal/rendering.rb:30:in `process_action'
actionpack (6.0.3.2) lib/abstract_controller/callbacks.rb:42:in `block in process_action'
activesupport (6.0.3.2) lib/active_support/callbacks.rb:135:in `run_callbacks'
actionpack (6.0.3.2) lib/abstract_controller/callbacks.rb:41:in `process_action'
actionpack (6.0.3.2) lib/action_controller/metal/rescue.rb:22:in `process_action'
actionpack (6.0.3.2) lib/action_controller/metal/instrumentation.rb:33:in `block in process_action'
activesupport (6.0.3.2) lib/active_support/notifications.rb:180:in `block in instrument'
activesupport (6.0.3.2) lib/active_support/notifications/instrumenter.rb:24:in `instrument'
activesupport (6.0.3.2) lib/active_support/notifications.rb:180:in `instrument'
actionpack (6.0.3.2) lib/action_controller/metal/instrumentation.rb:32:in `process_action'
actionpack (6.0.3.2) lib/action_controller/metal/params_wrapper.rb:245:in `process_action'
activerecord (6.0.3.2) lib/active_record/railties/controller_runtime.rb:27:in `process_action'
actionpack (6.0.3.2) lib/abstract_controller/base.rb:136:in `process'
actionview (6.0.3.2) lib/action_view/rendering.rb:39:in `process'
actionpack (6.0.3.2) lib/action_controller/metal.rb:190:in `dispatch'
actionpack (6.0.3.2) lib/action_controller/metal.rb:254:in `dispatch'
actionpack (6.0.3.2) lib/action_dispatch/routing/route_set.rb:50:in `dispatch'
actionpack (6.0.3.2) lib/action_dispatch/routing/route_set.rb:33:in `serve'
actionpack (6.0.3.2) lib/action_dispatch/journey/router.rb:49:in `block in serve'
actionpack (6.0.3.2) lib/action_dispatch/journey/router.rb:32:in `each'
actionpack (6.0.3.2) lib/action_dispatch/journey/router.rb:32:in `serve'
actionpack (6.0.3.2) lib/action_dispatch/routing/route_set.rb:834:in `call'
warden (1.2.8) lib/warden/manager.rb:36:in `block in call'
warden (1.2.8) lib/warden/manager.rb:34:in `catch'
warden (1.2.8) lib/warden/manager.rb:34:in `call'
rack (2.2.3) lib/rack/tempfile_reaper.rb:15:in `call'
rack (2.2.3) lib/rack/etag.rb:27:in `call'
rack (2.2.3) lib/rack/conditional_get.rb:27:in `call'
rack (2.2.3) lib/rack/head.rb:12:in `call'
actionpack (6.0.3.2) lib/action_dispatch/http/content_security_policy.rb:18:in `call'
rack (2.2.3) lib/rack/session/abstract/id.rb:266:in `context'
rack (2.2.3) lib/rack/session/abstract/id.rb:260:in `call'
actionpack (6.0.3.2) lib/action_dispatch/middleware/cookies.rb:648:in `call'
activerecord (6.0.3.2) lib/active_record/migration.rb:567:in `call'
actionpack (6.0.3.2) lib/action_dispatch/middleware/callbacks.rb:27:in `block in call'
activesupport (6.0.3.2) lib/active_support/callbacks.rb:101:in `run_callbacks'
actionpack (6.0.3.2) lib/action_dispatch/middleware/callbacks.rb:26:in `call'
actionpack (6.0.3.2) lib/action_dispatch/middleware/executor.rb:14:in `call'
actionpack (6.0.3.2) lib/action_dispatch/middleware/actionable_exceptions.rb:17:in `call'
actionpack (6.0.3.2) lib/action_dispatch/middleware/debug_exceptions.rb:32:in `call'
web-console (4.0.3) lib/web_console/middleware.rb:132:in `call_app'
web-console (4.0.3) lib/web_console/middleware.rb:28:in `block in call'
web-console (4.0.3) lib/web_console/middleware.rb:17:in `catch'
web-console (4.0.3) lib/web_console/middleware.rb:17:in `call'
actionpack (6.0.3.2) lib/action_dispatch/middleware/show_exceptions.rb:33:in `call'
railties (6.0.3.2) lib/rails/rack/logger.rb:37:in `call_app'
railties (6.0.3.2) lib/rails/rack/logger.rb:26:in `block in call'
activesupport (6.0.3.2) lib/active_support/tagged_logging.rb:80:in `block in tagged'
activesupport (6.0.3.2) lib/active_support/tagged_logging.rb:28:in `tagged'
activesupport (6.0.3.2) lib/active_support/tagged_logging.rb:80:in `tagged'
railties (6.0.3.2) lib/rails/rack/logger.rb:26:in `call'
sprockets-rails (3.2.1) lib/sprockets/rails/quiet_assets.rb:13:in `call'
actionpack (6.0.3.2) lib/action_dispatch/middleware/remote_ip.rb:81:in `call'
actionpack (6.0.3.2) lib/action_dispatch/middleware/request_id.rb:27:in `call'
rack (2.2.3) lib/rack/method_override.rb:24:in `call'
rack (2.2.3) lib/rack/runtime.rb:22:in `call'
activesupport (6.0.3.2) lib/active_support/cache/strategy/local_cache_middleware.rb:29:in `call'
actionpack (6.0.3.2) lib/action_dispatch/middleware/executor.rb:14:in `call'
actionpack (6.0.3.2) lib/action_dispatch/middleware/static.rb:126:in `call'
rack (2.2.3) lib/rack/sendfile.rb:110:in `call'
actionpack (6.0.3.2) lib/action_dispatch/middleware/host_authorization.rb:82:in `call'
webpacker (4.2.2) lib/webpacker/dev_server_proxy.rb:23:in `perform_request'
rack-proxy (0.6.5) lib/rack/proxy.rb:57:in `call'
railties (6.0.3.2) lib/rails/engine.rb:527:in `call'
puma (4.3.5) lib/puma/configuration.rb:228:in `call'
puma (4.3.5) lib/puma/server.rb:713:in `handle_request'
puma (4.3.5) lib/puma/server.rb:472:in `process_client'
puma (4.3.5) lib/puma/server.rb:328:in `block in run'
puma (4.3.5) lib/puma/thread_pool.rb:134:in `block in spawn_thread'
Started GET "/" for ::1 at 2020-06-26 14:46:50 +0530
Processing by HomeController#index as HTML
  [1m[36mUser Load (0.4ms)[0m  [1m[34mSELECT "users".* FROM "users" WHERE "users"."id" = ? ORDER BY "users"."id" ASC LIMIT ?[0m  [["id", 1], ["LIMIT", 1]]
  Rendering home/index.html.erb within layouts/application
  Rendered home/index.html.erb within layouts/application (Duration: 0.9ms | Allocations: 88)
[Webpacker] Everything's up-to-date. Nothing to do
Completed 200 OK in 24ms (Views: 15.3ms | ActiveRecord: 0.4ms | Allocations: 6755)


Started GET "/users/edit" for ::1 at 2020-06-26 14:46:56 +0530
Processing by Devise::RegistrationsController#edit as HTML
  [1m[36mUser Load (0.1ms)[0m  [1m[34mSELECT "users".* FROM "users" WHERE "users"."id" = ? ORDER BY "users"."id" ASC LIMIT ?[0m  [["id", 1], ["LIMIT", 1]]
  Rendering /home/akki/.ruby/gems/devise-4.7.2/app/views/devise/registrations/edit.html.erb within layouts/application
  Rendered /home/akki/.ruby/gems/devise-4.7.2/app/views/devise/shared/_error_messages.html.erb (Duration: 0.8ms | Allocations: 219)
  Rendered /home/akki/.ruby/gems/devise-4.7.2/app/views/devise/registrations/edit.html.erb within layouts/application (Duration: 5.6ms | Allocations: 2523)
[Webpacker] Everything's up-to-date. Nothing to do
Completed 200 OK in 16ms (Views: 13.6ms | ActiveRecord: 0.1ms | Allocations: 9039)


Started GET "/" for ::1 at 2020-06-26 14:46:59 +0530
Processing by HomeController#index as HTML
  [1m[36mUser Load (0.1ms)[0m  [1m[34mSELECT "users".* FROM "users" WHERE "users"."id" = ? ORDER BY "users"."id" ASC LIMIT ?[0m  [["id", 1], ["LIMIT", 1]]
  Rendering home/index.html.erb within layouts/application
  Rendered home/index.html.erb within layouts/application (Duration: 0.1ms | Allocations: 4)
[Webpacker] Everything's up-to-date. Nothing to do
Completed 200 OK in 10ms (Views: 6.9ms | ActiveRecord: 0.1ms | Allocations: 5273)


Started DELETE "/users/sign_out" for ::1 at 2020-06-26 14:47:00 +0530
Processing by Devise::SessionsController#destroy as HTML
  Parameters: {"authenticity_token"=>"0rHT3cyG+0oWNdFVtZqmLW+85EBqeFuhf7Rnt20RXGWsRYJnk5B9yUFWQJ+aLle7CqJqloB08ZQV7r0XMlmYEw=="}
  [1m[36mUser Load (0.1ms)[0m  [1m[34mSELECT "users".* FROM "users" WHERE "users"."id" = ? ORDER BY "users"."id" ASC LIMIT ?[0m  [["id", 1], ["LIMIT", 1]]
Redirected to http://localhost:3000/
Completed 302 Found in 6ms (ActiveRecord: 0.1ms | Allocations: 2896)


Started GET "/" for ::1 at 2020-06-26 14:47:00 +0530
Processing by HomeController#index as HTML
Completed 401 Unauthorized in 1ms (ActiveRecord: 0.0ms | Allocations: 304)


Started GET "/users/sign_in" for ::1 at 2020-06-26 14:47:00 +0530
Processing by Devise::SessionsController#new as HTML
  Rendering /home/akki/.ruby/gems/devise-4.7.2/app/views/devise/sessions/new.html.erb within layouts/application
  Rendered /home/akki/.ruby/gems/devise-4.7.2/app/views/devise/shared/_links.html.erb (Duration: 1.0ms | Allocations: 554)
  Rendered /home/akki/.ruby/gems/devise-4.7.2/app/views/devise/sessions/new.html.erb within layouts/application (Duration: 3.7ms | Allocations: 2099)
[Webpacker] Everything's up-to-date. Nothing to do
Completed 200 OK in 11ms (Views: 10.2ms | ActiveRecord: 0.0ms | Allocations: 7002)


Started GET "/users/sign_in" for ::1 at 2020-06-26 14:48:42 +0530
Processing by Devise::SessionsController#new as HTML
  Rendering /home/akki/.ruby/gems/devise-4.7.2/app/views/devise/sessions/new.html.erb within layouts/application
  Rendered /home/akki/.ruby/gems/devise-4.7.2/app/views/devise/shared/_links.html.erb (Duration: 0.3ms | Allocations: 136)
  Rendered /home/akki/.ruby/gems/devise-4.7.2/app/views/devise/sessions/new.html.erb within layouts/application (Duration: 2.9ms | Allocations: 1121)
[Webpacker] Everything's up-to-date. Nothing to do
Completed 200 OK in 10ms (Views: 8.9ms | ActiveRecord: 0.0ms | Allocations: 5221)


Started GET "/users/password/new" for ::1 at 2020-06-26 14:48:50 +0530
Processing by Devise::PasswordsController#new as HTML
  Rendering /home/akki/.ruby/gems/devise-4.7.2/app/views/devise/passwords/new.html.erb within layouts/application
  Rendered /home/akki/.ruby/gems/devise-4.7.2/app/views/devise/shared/_error_messages.html.erb (Duration: 0.0ms | Allocations: 15)
  Rendered /home/akki/.ruby/gems/devise-4.7.2/app/views/devise/shared/_links.html.erb (Duration: 0.3ms | Allocations: 182)
  Rendered /home/akki/.ruby/gems/devise-4.7.2/app/views/devise/passwords/new.html.erb within layouts/application (Duration: 2.1ms | Allocations: 1077)
[Webpacker] Everything's up-to-date. Nothing to do
Completed 200 OK in 11ms (Views: 9.9ms | ActiveRecord: 0.0ms | Allocations: 5847)


Started POST "/users/password" for ::1 at 2020-06-26 14:48:59 +0530
Processing by Devise::PasswordsController#create as HTML
  Parameters: {"authenticity_token"=>"3713riJ1eMLGHqij1NNdhoOVvlOJUrPj2O0Em8jwqu9Yl0cA4lmmeNxYtV6jgUPwXsNLBBPAasM0nUVcYUm2aw==", "user"=>{"email"=>"akshat@gmail.com"}, "commit"=>"Send me reset password instructions"}
  [1m[36mUser Load (0.2ms)[0m  [1m[34mSELECT "users".* FROM "users" WHERE "users"."email" = ? ORDER BY "users"."id" ASC LIMIT ?[0m  [["email", "akshat@gmail.com"], ["LIMIT", 1]]
  [1m[36mUser Load (0.2ms)[0m  [1m[34mSELECT "users".* FROM "users" WHERE "users"."reset_password_token" = ? ORDER BY "users"."id" ASC LIMIT ?[0m  [["reset_password_token", "58f2c2caa6ee4b05cfdb160957488b3f361682b8ac81676173e1febd265a0dcb"], ["LIMIT", 1]]
  [1m[35m (0.1ms)[0m  [1m[36mbegin transaction[0m
  [1m[36mUser Update (0.5ms)[0m  [1m[33mUPDATE "users" SET "reset_password_token" = ?, "reset_password_sent_at" = ?, "updated_at" = ? WHERE "users"."id" = ?[0m  [["reset_password_token", "58f2c2caa6ee4b05cfdb160957488b3f361682b8ac81676173e1febd265a0dcb"], ["reset_password_sent_at", "2020-06-26 09:18:59.474123"], ["updated_at", "2020-06-26 09:18:59.474286"], ["id", 1]]
  [1m[35m (10.6ms)[0m  [1m[36mcommit transaction[0m
  Rendering /home/akki/.ruby/gems/devise-4.7.2/app/views/devise/mailer/reset_password_instructions.html.erb
  Rendered /home/akki/.ruby/gems/devise-4.7.2/app/views/devise/mailer/reset_password_instructions.html.erb (Duration: 0.6ms | Allocations: 265)
Devise::Mailer#reset_password_instructions: processed outbound mail in 4.0ms
Delivered mail 5ef5bd83824c4_fd52b2a2d91b2c061762@akki-Latitude-3490.mail (5.9ms)
Date: Fri, 26 Jun 2020 14:48:59 +0530
From: please-change-me-at-config-initializers-devise@example.com
Reply-To: please-change-me-at-config-initializers-devise@example.com
To: akshat@gmail.com
Message-ID: <5ef5bd83824c4_fd52b2a2d91b2c061762@akki-Latitude-3490.mail>
Subject: Reset password instructions
Mime-Version: 1.0
Content-Type: text/html;
 charset=UTF-8
Content-Transfer-Encoding: 7bit

<p>Hello akshat@gmail.com!</p>

<p>Someone has requested a link to change your password. You can do this through the link below.</p>

<p><a href="http://localhost:3000/users/password/edit?reset_password_token=MFN-tFT2riymSyyvUa6r">Change my password</a></p>

<p>If you didn't request this, please ignore this email.</p>
<p>Your password won't change until you access the link above and create a new one.</p>

Redirected to http://localhost:3000/users/sign_in
Completed 302 Found in 185ms (ActiveRecord: 11.6ms | Allocations: 34574)


Started GET "/users/sign_in" for ::1 at 2020-06-26 14:48:59 +0530
Processing by Devise::SessionsController#new as HTML
  Rendering /home/akki/.ruby/gems/devise-4.7.2/app/views/devise/sessions/new.html.erb within layouts/application
  Rendered /home/akki/.ruby/gems/devise-4.7.2/app/views/devise/shared/_links.html.erb (Duration: 0.2ms | Allocations: 136)
  Rendered /home/akki/.ruby/gems/devise-4.7.2/app/views/devise/sessions/new.html.erb within layouts/application (Duration: 1.8ms | Allocations: 1126)
[Webpacker] Everything's up-to-date. Nothing to do
Completed 200 OK in 8ms (Views: 6.9ms | ActiveRecord: 0.0ms | Allocations: 5256)


Started GET "/users/password/edit?reset_password_token=[FILTERED]" for ::1 at 2020-06-26 14:49:04 +0530
Processing by Devise::PasswordsController#edit as HTML
  Parameters: {"reset_password_token"=>"[FILTERED]"}
  Rendering /home/akki/.ruby/gems/devise-4.7.2/app/views/devise/passwords/edit.html.erb within layouts/application
  Rendered /home/akki/.ruby/gems/devise-4.7.2/app/views/devise/shared/_error_messages.html.erb (Duration: 0.1ms | Allocations: 15)
  Rendered /home/akki/.ruby/gems/devise-4.7.2/app/views/devise/shared/_links.html.erb (Duration: 0.3ms | Allocations: 134)
  Rendered /home/akki/.ruby/gems/devise-4.7.2/app/views/devise/passwords/edit.html.erb within layouts/application (Duration: 3.0ms | Allocations: 1274)
[Webpacker] Everything's up-to-date. Nothing to do
Completed 200 OK in 11ms (Views: 9.5ms | ActiveRecord: 0.0ms | Allocations: 5511)


Started GET "/users/sign_in" for ::1 at 2020-06-26 14:49:49 +0530
  [1m[35m (0.7ms)[0m  [1m[34mSELECT sqlite_version(*)[0m
  [1m[35m (0.1ms)[0m  [1m[34mSELECT "schema_migrations"."version" FROM "schema_migrations" ORDER BY "schema_migrations"."version" ASC[0m
Processing by Devise::SessionsController#new as HTML
  Rendering /home/akki/.ruby/gems/devise-4.7.2/app/views/devise/sessions/new.html.erb within layouts/application
  Rendered /home/akki/.ruby/gems/devise-4.7.2/app/views/devise/shared/_links.html.erb (Duration: 1.1ms | Allocations: 659)
  Rendered /home/akki/.ruby/gems/devise-4.7.2/app/views/devise/sessions/new.html.erb within layouts/application (Duration: 12.4ms | Allocations: 6740)
[Webpacker] Everything's up-to-date. Nothing to do
Completed 200 OK in 47ms (Views: 32.2ms | ActiveRecord: 0.6ms | Allocations: 22847)


